<?xml version="1.0" encoding="UTF-8"?>
<!-- Generated by org.testng.reporters.JUnitXMLReporter -->
<testsuite ignored="0" hostname="GT0242" failures="0" tests="3" name="Google_chrome" time="87.666" errors="0" timestamp="2024-09-26T10:35:06 IST">
  <testcase classname="practotestfile.PractoTest" name="test1" time="34.534"/>
  <testcase classname="practotestfile.PractoTest" name="test2" time="29.355"/>
  <testcase classname="practotestfile.PractoTest" name="test3" time="20.901"/>
</testsuite> <!-- Google_chrome -->
